<?xml version="1.0" encoding="UTF-8"?>
<testsuite name="Test3"
           tests="3"
           failures="1"
           errors="0"
           skipped="2"
           time="-1586334999.340">
  <properties />
            <testcase name="user_wants_to_purchase_computers_click_on_the_computer_link" time="0.245" classname="tcpackage.tcaddcart">
                <failure type="java.lang.NullPointerException"
                  message="(null)"
              >
<![CDATA[java.lang.NullPointerException
  pages.addcartpages.clickb(addcartpages.java:12)
  tcpackage.tcaddcart.user_wants_to_purchase_computers_click_on_the_computer_link(tcaddcart.java:32)
  java.base/jdk.internal.reflect.NativeMethodAccessorImpl.invoke0(Native Method)
  java.base/jdk.internal.reflect.NativeMethodAccessorImpl.invoke(NativeMethodAccessorImpl.java:62)
  java.base/jdk.internal.reflect.DelegatingMethodAccessorImpl.invoke(DelegatingMethodAccessorImpl.java:43)
  java.base/java.lang.reflect.Method.invoke(Method.java:567)
  org.testng.internal.MethodInvocationHelper.invokeMethod(MethodInvocationHelper.java:133)
  org.testng.internal.MethodInvocationHelper.invokeMethodConsideringTimeout(MethodInvocationHelper.java:62)
  org.testng.internal.ConfigInvoker.invokeConfigurationMethod(ConfigInvoker.java:340)
  org.testng.internal.ConfigInvoker.invokeConfigurations(ConfigInvoker.java:294)
  org.testng.TestRunner.invokeTestConfigurations(TestRunner.java:623)
  org.testng.TestRunner.beforeRun(TestRunner.java:613)
  org.testng.TestRunner.run(TestRunner.java:584)
  org.testng.SuiteRunner.runTest(SuiteRunner.java:402)
  org.testng.SuiteRunner.runSequentially(SuiteRunner.java:396)
  org.testng.SuiteRunner.privateRun(SuiteRunner.java:355)
  org.testng.SuiteRunner.run(SuiteRunner.java:304)
  org.testng.SuiteRunnerWorker.runSuite(SuiteRunnerWorker.java:53)
  org.testng.SuiteRunnerWorker.run(SuiteRunnerWorker.java:96)
  org.testng.TestNG.runSuitesSequentially(TestNG.java:1180)
  org.testng.TestNG.runSuitesLocally(TestNG.java:1102)
  org.testng.TestNG.runSuites(TestNG.java:1032)
  org.testng.TestNG.run(TestNG.java:1000)
  org.testng.remote.AbstractRemoteTestNG.run(AbstractRemoteTestNG.java:115)
  org.testng.remote.RemoteTestNG.initAndRun(RemoteTestNG.java:251)
  org.testng.remote.RemoteTestNG.main(RemoteTestNG.java:77)
]]>
      </failure>

          </testcase>
  
            <testcase name="the_selected_book_is_added_to_cart" time="0.0" classname="tcpackage.tcaddcart">
          <skipped />
    </testcase>
            <testcase name="the_user_wants_to_select_anybook_and_add_to_cart" time="0.0" classname="tcpackage.tcaddcart">
          <skipped />
    </testcase>
  
  
</testsuite>
